<?xml version="1.0" encoding="UTF-8"?>
<datasources>
   <local-tx-datasource>   
      <jndi-name>TestDS</jndi-name>
      <connection-url>jdbc:hsqldb:hsql://localhost:1701</connection-url>
      <driver-class>org.hsqldb.jdbcDriver</driver-class>
      <user-name>system</user-name>
      <password>manager</password>
      <min-pool-size>5</min-pool-size>
      <max-pool-size>20</max-pool-size>
      <idle-timeout-minutes>10</idle-timeout-minutes>
      <track-statements/>
   </local-tx-datasource>   
</datasources>
